<?xml version="1.0" encoding="UTF-8"?>
<testsuite name="hello.servlet.domain.member.MemberRepositoryTest" tests="1" skipped="0" failures="0" errors="0" timestamp="2023-08-25T05:15:32" hostname="JJANGDDO" time="0.057">
  <properties/>
  <testcase name="save()" classname="hello.servlet.domain.member.MemberRepositoryTest" time="0.057"/>
  <system-out><![CDATA[]]></system-out>
  <system-err><![CDATA[]]></system-err>
</testsuite>
